0:0:0:0:0:0:0:1 -  -  [23/mai/2011:21:56:59 +0000] "GET / HTTP/1.1" 200 8612 "-" "Mozilla/5.0 (X11; Linux i686; rv:2.0.1) Gecko/20100101 Firefox/4.0.1"
0:0:0:0:0:0:0:1 -  -  [23/mai/2011:21:56:59 +0000] "GET /scripts/lib/prototype.js HTTP/1.1" 200 68010 "http://localhost:8080/" "Mozilla/5.0 (X11; Linux i686; rv:2.0.1) Gecko/20100101 Firefox/4.0.1"
0:0:0:0:0:0:0:1 -  -  [23/mai/2011:21:56:59 +0000] "GET /scripts/lib/extjs2.js HTTP/1.1" 200 541580 "http://localhost:8080/" "Mozilla/5.0 (X11; Linux i686; rv:2.0.1) Gecko/20100101 Firefox/4.0.1"
0:0:0:0:0:0:0:1 -  -  [23/mai/2011:21:56:59 +0000] "GET /scripts/lib/crypto.js HTTP/1.1" 200 8315 "http://localhost:8080/" "Mozilla/5.0 (X11; Linux i686; rv:2.0.1) Gecko/20100101 Firefox/4.0.1"
0:0:0:0:0:0:0:1 -  -  [23/mai/2011:21:56:59 +0000] "GET /scripts/lib/dom-all.js HTTP/1.1" 200 332529 "http://localhost:8080/" "Mozilla/5.0 (X11; Linux i686; rv:2.0.1) Gecko/20100101 Firefox/4.0.1"
0:0:0:0:0:0:0:1 -  -  [23/mai/2011:21:56:59 +0000] "GET /scripts/lib/xmpp4js.js HTTP/1.1" 200 185446 "http://localhost:8080/" "Mozilla/5.0 (X11; Linux i686; rv:2.0.1) Gecko/20100101 Firefox/4.0.1"
0:0:0:0:0:0:0:1 -  -  [23/mai/2011:21:57:00 +0000] "GET /favicon.ico HTTP/1.1" 404 1397 "-" "Mozilla/5.0 (X11; Linux i686; rv:2.0.1) Gecko/20100101 Firefox/4.0.1"
0:0:0:0:0:0:0:1 -  -  [23/mai/2011:21:57:00 +0000] "GET /favicon.ico HTTP/1.1" 404 1397 "-" "Mozilla/5.0 (X11; Linux i686; rv:2.0.1) Gecko/20100101 Firefox/4.0.1"
0:0:0:0:0:0:0:1 -  -  [23/mai/2011:21:57:22 +0000] "POST /http-bind/?undefined HTTP/1.1" 200 106 "http://localhost:8080/" "Mozilla/5.0 (X11; Linux i686; rv:2.0.1) Gecko/20100101 Firefox/4.0.1"
0:0:0:0:0:0:0:1 -  -  [23/mai/2011:21:57:24 +0000] "POST /http-bind/?undefined HTTP/1.1" 404 1396 "http://localhost:8080/" "Mozilla/5.0 (X11; Linux i686; rv:2.0.1) Gecko/20100101 Firefox/4.0.1"
0:0:0:0:0:0:0:1 -  -  [23/mai/2011:21:57:42 +0000] "POST /http-bind/?undefined HTTP/1.1" 200 106 "http://localhost:8080/" "Mozilla/5.0 (X11; Linux i686; rv:2.0.1) Gecko/20100101 Firefox/4.0.1"
0:0:0:0:0:0:0:1 -  -  [23/mai/2011:21:57:42 +0000] "POST /http-bind/?undefined HTTP/1.1" 404 1396 "http://localhost:8080/" "Mozilla/5.0 (X11; Linux i686; rv:2.0.1) Gecko/20100101 Firefox/4.0.1"
0:0:0:0:0:0:0:1 -  -  [23/mai/2011:21:57:53 +0000] "POST /http-bind/?undefined HTTP/1.1" 200 106 "http://localhost:8080/" "Mozilla/5.0 (X11; Linux i686; rv:2.0.1) Gecko/20100101 Firefox/4.0.1"
0:0:0:0:0:0:0:1 -  -  [23/mai/2011:21:57:54 +0000] "POST /http-bind/?undefined HTTP/1.1" 404 1396 "http://localhost:8080/" "Mozilla/5.0 (X11; Linux i686; rv:2.0.1) Gecko/20100101 Firefox/4.0.1"
0:0:0:0:0:0:0:1 -  -  [23/mai/2011:21:57:58 +0000] "POST /http-bind/?undefined HTTP/1.1" 200 106 "http://localhost:8080/" "Mozilla/5.0 (X11; Linux i686; rv:2.0.1) Gecko/20100101 Firefox/4.0.1"
0:0:0:0:0:0:0:1 -  -  [23/mai/2011:21:58:00 +0000] "POST /http-bind/?undefined HTTP/1.1" 404 1396 "http://localhost:8080/" "Mozilla/5.0 (X11; Linux i686; rv:2.0.1) Gecko/20100101 Firefox/4.0.1"
0:0:0:0:0:0:0:1 -  -  [23/mai/2011:21:58:07 +0000] "POST /http-bind/?undefined HTTP/1.1" 200 106 "http://localhost:8080/" "Mozilla/5.0 (X11; Linux i686; rv:2.0.1) Gecko/20100101 Firefox/4.0.1"
0:0:0:0:0:0:0:1 -  -  [23/mai/2011:21:58:07 +0000] "POST /http-bind/?undefined HTTP/1.1" 404 1396 "http://localhost:8080/" "Mozilla/5.0 (X11; Linux i686; rv:2.0.1) Gecko/20100101 Firefox/4.0.1"
0:0:0:0:0:0:0:1 -  -  [23/mai/2011:21:58:17 +0000] "POST /http-bind/?undefined HTTP/1.1" 200 106 "http://localhost:8080/" "Mozilla/5.0 (X11; Linux i686; rv:2.0.1) Gecko/20100101 Firefox/4.0.1"
0:0:0:0:0:0:0:1 -  -  [23/mai/2011:21:58:18 +0000] "POST /http-bind/?undefined HTTP/1.1" 404 1396 "http://localhost:8080/" "Mozilla/5.0 (X11; Linux i686; rv:2.0.1) Gecko/20100101 Firefox/4.0.1"
0:0:0:0:0:0:0:1 -  -  [23/mai/2011:21:59:37 +0000] "GET /favicon.ico HTTP/1.1" 404 1397 "-" "Mozilla/5.0 (X11; Linux i686; rv:2.0.1) Gecko/20100101 Firefox/4.0.1"
0:0:0:0:0:0:0:1 -  -  [23/mai/2011:21:59:41 +0000] "POST /http-bind/?undefined HTTP/1.1" 200 106 "http://localhost:8080/" "Mozilla/5.0 (X11; Linux i686; rv:2.0.1) Gecko/20100101 Firefox/4.0.1"
0:0:0:0:0:0:0:1 -  -  [23/mai/2011:21:59:41 +0000] "POST /http-bind/?undefined HTTP/1.1" 404 1396 "http://localhost:8080/" "Mozilla/5.0 (X11; Linux i686; rv:2.0.1) Gecko/20100101 Firefox/4.0.1"
0:0:0:0:0:0:0:1 -  -  [23/mai/2011:21:59:43 +0000] "GET / HTTP/1.1" 200 8612 "-" "Mozilla/5.0 (X11; Linux i686; rv:2.0.1) Gecko/20100101 Firefox/4.0.1"
0:0:0:0:0:0:0:1 -  -  [23/mai/2011:21:59:43 +0000] "GET /scripts/lib/prototype.js HTTP/1.1" 200 68010 "http://localhost:8080/" "Mozilla/5.0 (X11; Linux i686; rv:2.0.1) Gecko/20100101 Firefox/4.0.1"
0:0:0:0:0:0:0:1 -  -  [23/mai/2011:21:59:43 +0000] "GET /scripts/lib/extjs2.js HTTP/1.1" 200 541580 "http://localhost:8080/" "Mozilla/5.0 (X11; Linux i686; rv:2.0.1) Gecko/20100101 Firefox/4.0.1"
0:0:0:0:0:0:0:1 -  -  [23/mai/2011:21:59:43 +0000] "GET /scripts/lib/dom-all.js HTTP/1.1" 200 332529 "http://localhost:8080/" "Mozilla/5.0 (X11; Linux i686; rv:2.0.1) Gecko/20100101 Firefox/4.0.1"
0:0:0:0:0:0:0:1 -  -  [23/mai/2011:21:59:43 +0000] "GET /scripts/lib/crypto.js HTTP/1.1" 200 8315 "http://localhost:8080/" "Mozilla/5.0 (X11; Linux i686; rv:2.0.1) Gecko/20100101 Firefox/4.0.1"
0:0:0:0:0:0:0:1 -  -  [23/mai/2011:21:59:43 +0000] "GET /scripts/lib/xmpp4js.js HTTP/1.1" 200 185446 "http://localhost:8080/" "Mozilla/5.0 (X11; Linux i686; rv:2.0.1) Gecko/20100101 Firefox/4.0.1"
0:0:0:0:0:0:0:1 -  -  [23/mai/2011:21:59:43 +0000] "POST /http-bind/?undefined HTTP/1.1" 200 106 "http://localhost:8080/" "Mozilla/5.0 (X11; Linux i686; rv:2.0.1) Gecko/20100101 Firefox/4.0.1"
0:0:0:0:0:0:0:1 -  -  [23/mai/2011:21:59:46 +0000] "POST /http-bind/?undefined HTTP/1.1" 200 106 "http://localhost:8080/" "Mozilla/5.0 (X11; Linux i686; rv:2.0.1) Gecko/20100101 Firefox/4.0.1"
0:0:0:0:0:0:0:1 -  -  [23/mai/2011:21:59:46 +0000] "POST /http-bind/?undefined HTTP/1.1" 404 1396 "http://localhost:8080/" "Mozilla/5.0 (X11; Linux i686; rv:2.0.1) Gecko/20100101 Firefox/4.0.1"
0:0:0:0:0:0:0:1 -  -  [23/mai/2011:21:59:55 +0000] "POST /http-bind/?undefined HTTP/1.1" 200 106 "http://localhost:8080/" "Mozilla/5.0 (X11; Linux i686; rv:2.0.1) Gecko/20100101 Firefox/4.0.1"
0:0:0:0:0:0:0:1 -  -  [23/mai/2011:21:59:55 +0000] "POST /http-bind/?undefined HTTP/1.1" 404 1396 "http://localhost:8080/" "Mozilla/5.0 (X11; Linux i686; rv:2.0.1) Gecko/20100101 Firefox/4.0.1"
0:0:0:0:0:0:0:1 -  -  [23/mai/2011:22:01:10 +0000] "POST /http-bind/?undefined HTTP/1.1" 200 106 "http://localhost:8080/" "Mozilla/5.0 (X11; Linux i686; rv:2.0.1) Gecko/20100101 Firefox/4.0.1"
0:0:0:0:0:0:0:1 -  -  [23/mai/2011:22:01:10 +0000] "POST /http-bind/?undefined HTTP/1.1" 404 1396 "http://localhost:8080/" "Mozilla/5.0 (X11; Linux i686; rv:2.0.1) Gecko/20100101 Firefox/4.0.1"
0:0:0:0:0:0:0:1 -  -  [23/mai/2011:22:01:43 +0000] "POST /http-bind/?undefined HTTP/1.1" 200 106 "http://localhost:8080/" "Mozilla/5.0 (X11; Linux i686; rv:2.0.1) Gecko/20100101 Firefox/4.0.1"
0:0:0:0:0:0:0:1 -  -  [23/mai/2011:22:01:44 +0000] "POST /http-bind/?undefined HTTP/1.1" 404 1396 "http://localhost:8080/" "Mozilla/5.0 (X11; Linux i686; rv:2.0.1) Gecko/20100101 Firefox/4.0.1"
0:0:0:0:0:0:0:1 -  -  [23/mai/2011:22:02:46 +0000] "POST /http-bind/?undefined HTTP/1.1" 200 106 "http://localhost:8080/" "Mozilla/5.0 (X11; Linux i686; rv:2.0.1) Gecko/20100101 Firefox/4.0.1"
0:0:0:0:0:0:0:1 -  -  [23/mai/2011:22:02:47 +0000] "POST /http-bind/?undefined HTTP/1.1" 404 1396 "http://localhost:8080/" "Mozilla/5.0 (X11; Linux i686; rv:2.0.1) Gecko/20100101 Firefox/4.0.1"
0:0:0:0:0:0:0:1 -  -  [23/mai/2011:22:03:43 +0000] "POST /http-bind/?undefined HTTP/1.1" 200 106 "http://localhost:8080/" "Mozilla/5.0 (X11; Linux i686; rv:2.0.1) Gecko/20100101 Firefox/4.0.1"
0:0:0:0:0:0:0:1 -  -  [23/mai/2011:22:03:43 +0000] "POST /http-bind/?undefined HTTP/1.1" 404 1396 "http://localhost:8080/" "Mozilla/5.0 (X11; Linux i686; rv:2.0.1) Gecko/20100101 Firefox/4.0.1"
0:0:0:0:0:0:0:1 -  -  [23/mai/2011:22:03:45 +0000] "POST /http-bind/?undefined HTTP/1.1" 200 106 "http://localhost:8080/" "Mozilla/5.0 (X11; Linux i686; rv:2.0.1) Gecko/20100101 Firefox/4.0.1"
0:0:0:0:0:0:0:1 -  -  [23/mai/2011:22:03:45 +0000] "POST /http-bind/?undefined HTTP/1.1" 404 1396 "http://localhost:8080/" "Mozilla/5.0 (X11; Linux i686; rv:2.0.1) Gecko/20100101 Firefox/4.0.1"
0:0:0:0:0:0:0:1 -  -  [23/mai/2011:22:03:55 +0000] "POST /http-bind/?undefined HTTP/1.1" 200 106 "http://localhost:8080/" "Mozilla/5.0 (X11; Linux i686; rv:2.0.1) Gecko/20100101 Firefox/4.0.1"
0:0:0:0:0:0:0:1 -  -  [23/mai/2011:22:03:56 +0000] "POST /http-bind/?undefined HTTP/1.1" 404 1396 "http://localhost:8080/" "Mozilla/5.0 (X11; Linux i686; rv:2.0.1) Gecko/20100101 Firefox/4.0.1"
127.0.0.1 -  -  [23/mai/2011:22:14:34 +0000] "GET / HTTP/1.1" 200 8612 "-" "Opera/9.80 (X11; Linux i686; U; fr) Presto/2.8.131 Version/11.11"
127.0.0.1 -  -  [23/mai/2011:22:14:34 +0000] "GET /scripts/lib/prototype.js HTTP/1.1" 200 68010 "http://localhost:8080/" "Opera/9.80 (X11; Linux i686; U; fr) Presto/2.8.131 Version/11.11"
127.0.0.1 -  -  [23/mai/2011:22:14:34 +0000] "GET /scripts/lib/extjs2.js HTTP/1.1" 200 541580 "http://localhost:8080/" "Opera/9.80 (X11; Linux i686; U; fr) Presto/2.8.131 Version/11.11"
127.0.0.1 -  -  [23/mai/2011:22:14:34 +0000] "GET /scripts/lib/dom-all.js HTTP/1.1" 200 332529 "http://localhost:8080/" "Opera/9.80 (X11; Linux i686; U; fr) Presto/2.8.131 Version/11.11"
127.0.0.1 -  -  [23/mai/2011:22:14:34 +0000] "GET /scripts/lib/crypto.js HTTP/1.1" 200 8315 "http://localhost:8080/" "Opera/9.80 (X11; Linux i686; U; fr) Presto/2.8.131 Version/11.11"
127.0.0.1 -  -  [23/mai/2011:22:14:34 +0000] "GET /scripts/lib/xmpp4js.js HTTP/1.1" 200 185446 "http://localhost:8080/" "Opera/9.80 (X11; Linux i686; U; fr) Presto/2.8.131 Version/11.11"
127.0.0.1 -  -  [23/mai/2011:22:14:34 +0000] "GET /favicon.ico HTTP/1.1" 404 1397 "http://localhost:8080/" "Opera/9.80 (X11; Linux i686; U; fr) Presto/2.8.131 Version/11.11"
127.0.0.1 -  -  [23/mai/2011:22:14:39 +0000] "POST /http-bind/?undefined HTTP/1.1" 200 106 "http://localhost:8080/" "Opera/9.80 (X11; Linux i686; U; fr) Presto/2.8.131 Version/11.11"
127.0.0.1 -  -  [23/mai/2011:22:14:45 +0000] "POST /http-bind/?undefined HTTP/1.1" 404 1396 "http://localhost:8080/" "Opera/9.80 (X11; Linux i686; U; fr) Presto/2.8.131 Version/11.11"
127.0.0.1 -  -  [23/mai/2011:22:15:02 +0000] "POST /http-bind/?undefined HTTP/1.1" 200 106 "http://localhost:8080/" "Opera/9.80 (X11; Linux i686; U; fr) Presto/2.8.131 Version/11.11"
127.0.0.1 -  -  [23/mai/2011:22:15:02 +0000] "POST /http-bind/?undefined HTTP/1.1" 404 1396 "http://localhost:8080/" "Opera/9.80 (X11; Linux i686; U; fr) Presto/2.8.131 Version/11.11"
0:0:0:0:0:0:0:1 -  -  [23/mai/2011:22:26:24 +0000] "POST /http-bind/?undefined HTTP/1.1" 200 106 "http://localhost:8080/" "Mozilla/5.0 (X11; Linux i686; rv:2.0.1) Gecko/20100101 Firefox/4.0.1"
0:0:0:0:0:0:0:1 -  -  [23/mai/2011:22:26:25 +0000] "POST /http-bind/?undefined HTTP/1.1" 404 1396 "http://localhost:8080/" "Mozilla/5.0 (X11; Linux i686; rv:2.0.1) Gecko/20100101 Firefox/4.0.1"
0:0:0:0:0:0:0:1 -  -  [23/mai/2011:22:32:46 +0000] "POST /http-bind/?undefined HTTP/1.1" 200 106 "http://localhost:8080/" "Mozilla/5.0 (X11; Linux i686; rv:2.0.1) Gecko/20100101 Firefox/4.0.1"
0:0:0:0:0:0:0:1 -  -  [23/mai/2011:22:32:46 +0000] "POST /http-bind/?undefined HTTP/1.1" 404 1396 "http://localhost:8080/" "Mozilla/5.0 (X11; Linux i686; rv:2.0.1) Gecko/20100101 Firefox/4.0.1"
